20160716
Valerie
Come Together - Beatles
Black Magic Woman
Cry In Shame
Anyhow
All About That Bass
Rehab
Pleasure and Pain
Boys In Town
Lonely Boy
never tear us apart
Wanted Dead Or Alive by Bon Jovi
Always On The Run - Lenny Kravitz
Whole Lotta Love
The Chain - Fleetwood Mac [D]
Another Brick In The Wall
Summer of '69 - Bryan Adams
Ive Got You On My Mind - Powderfinger
Hey Joe - Jimi Hendrix
Seven Nation Armytab
exs and ohs [Bm]
Groove Is In The Heart - Deee-Lite [Ab]
are you gonna go my way
Higher Ground
Long Train Running - Doobie Brothers
Superstition
Nutbush
Sex on fire - Kings Of Leon
Smoke On the Water - Deep Purple
Mustang Sally
rush you
Proud Mary
