20170325
Brass In Pocket - The Pretenders
Ex's & Oh's - Elle King
Come Together - Beatles
Seven Nation Army
Another Brick In The Wall - Pink Floyd
Boys In Town
Babe I'm Gonna Leave You Pink Version - Led Zepplin
Play That Funky Music - Wild Cherry
My Sharona - The Knack
Mustang Sally
Pleasure and Pain
My Hero - Foo Fighters
Long Train Running - Doobie Brothers
Love Rears Its Ugly Head - Living Colour
Higher Ground
Superstition
Nutbush
Always On The Run - Lenny Kravitz
Ive Got You On My Mind - Powderfinger
Smoke On the Water - Deep Purple
Blister In The Sun
Rush You
Whole Lotta Love - Led Zepplin
Enter The Sandman
The Chain - Fleetwood Mac
Killing In The Name Of
