20180915 Killarney
April Sun In Cuba - Dragon
Brass In Pocket
Passionfruit
Faith
All About That Bass
exs and ohs
Is This Love
never tear us apart - inxs
Valerie
Mercy
Cry In Shame - Diesel
Wonderwall
I Got A Feeling
are you gonna go my way
Should I Stay Or Should I Go Now
Pleasure and Pain
Summer of '69
Boys In Town
Proud Mary
Come Together
Love Rears Its Ugly Head
Always On The Run - Lenny Kravitz
Mr Brightside
Hit Me With Your Best Shot
Sympathy and Entertain You
Uptown Funk
The Chain - Fleetwood Mac
Sex on fire - Kings Of Leon
Rush You
Run To Paradise
Groove Is In The Heart
Play That Funky Music
Lonely Boy
My Hero
blister in the sun
Ive Got You On My Mind - Powderfinger
Higher Ground
Superstition - Stevie Ray Vaughan
Nutbush
Long Train Runnin
Smoke On the Water - Deep Purple
Seven Nation Army
Whole Lotta Love
Rebel Yell
Sweet Child Of Mine - Guns n Roses
Am I Ever Gonna See Your Face Again - Angels
500 Miles - The Proclaimers
Killing In The Name Of
Enter The Sandman
Mustang Sally
One
Do You See What I See
Hard to Handle
Its A Long Way To The Top - AC/DC
Khe Sanh - Cold Chisel
La Grange - ZZ Top
The Horses - Daryl Braithwaite
Go Your Own Way - Fleetwood Mac
Run To Paradise - Choirboys
Should I Stay Or Should I Go Now - The Clash
