20190810
April Sun In Cuba - Dragon
Passionfruit
Brass In Pocket
exs and ohs
Faith
All About That Bass
never tear us apart - inxs
Valerie
Mercy
Wonderwall
Cry In Shame - Diesel
Proud Mary
Hard to Handle
Long Train Runnin
Another Brick In The Wall
Pleasure and Pain
Seven Nation Army
are you gonna go my way
Summer of '69
Boys In Town
Love Rears Its Ugly Head
Always On The Run
Hit Me With Your Best Shot
Sympathy and Entertain You
The Chain
Sex on fire
Rush You
Come Together
Lonely Boy
Town Called Malice
Play That Funky Music
Ive Got You On My Mind
My Hero
Higher Ground
Superstition
blister in the sun
Nutbush
Smoke On the Water
Smells Like Teen Spirit
Whole Lotta Love
Rebel Yell
Am I Ever Gonna See Your Face Again
Killing In The Name Of
Mustang Sally
Mr Brightside
Zombie
Is This Love
I Got A Feeling
Uptown Funk
Groove Is In The Heart
Sweet Child Of Mine