Nov 12 2016
April Sun In Cuba
Valerie
Cry In Shame
Come Together
exs and ohs
Always On The Run - Lenny Kravitz
Superstition
never tear us apart
Boys In Town
Summer of '69 - Bryan Adams
Another Brick In The Wall
I Got A Feeling
All About That Bass
Brass In Pocket
Crossroads
Long Train Running - Doobie Brothers
Seven Nation Armytab
Love Rears Its Ugly Head
Pleasure and Pain
Ive Got You On My Mind - Powderfinger
Groove Is In The Heart - Deee-Lite [Ab]
are you gonna go my way
The Chain - Fleetwood Mac [D]
Lonely Boy
Proud Mary
Mustang Sally
Blister In The Sun
My Generation
Hit Me With Your Best Shot
Nutbush
Wanted Dead Or Alive by Bon Jovi
Another One Bites The Dust
Whole Lotta Love
Smoke On the Water - Deep Purple
Higher Ground
Am I Ever Gonna See Your Face Again - Angels
Sex on fire - Kings Of Leon
Rush You
Sympathy and Entertain You
Sweet Home Alabama
Going Down - Freddie King
