2016016
Black Magic Woman
Stop
Feeler - PETE MURRAY
Come Together - Beatles
Valerie
April Sun In Cuba - Dragon
Cry In Shame
Blister In The Sun
Hard to Handle - Otis Redding,A.Isbell & A.Jones
Wish You Were Here - by Pink Floyd
Seven Nation Armytab
Ive Got You On My Mind - Powderfinger
Boys In Town
are you gonna go my way
Hey Joe - Jimi Hendrix
Bright Lights
Comfortably Numb - Pink Floyd
Money
Pleasure and Pain
Superstition - Stevie Ray Vaughan
Nutbush
Lonely Boy
Sex on fire - Kings Of Leon
Smoke On the Water - Deep Purple
Mustang Sally
Long Train Running - Doobie Brothers
Rush You
