2017July
Brass In Pocket
Another Brick In The Wall
Seven Nation Army
My Hero
Love Rears Its Ugly Head
Always On The Run - Lenny Kravitz
Long Train Runnin
Beat It
Billie Jean
Is This Love
Summertime
Proud Mary
Higher Ground
Nutbush
Smoke On the Water
Rush You
Whole Lotta Love
The Chain - Fleetwood Mac
Killing In The Name Of
Come Together
Wanted Dead Or Alive
Cry In Shame
are you gonna go my way
Lonely Boy
Hit Me With Your Best Shot
Summer of '69
All About That Bass
Mustang Sally
Rebel Yell
Enter The Sandman
Sympathy and Entertain You
Let Me Entertain You
I Got A Feeling
Ive Got You On My Mind - Powderfinger
Am I Ever Gonna See Your Face Again - Angels
