20170909
April Sun In Cuba
Brass In Pocket
Passionfruit
Faith
All About That Bass
Come Together
exs and ohs
Is This Love
Valerie
I Got A Feeling
Billie Jean
Seven Nation Army
Love Rears Its Ugly Head
Always On The Run - Lenny Kravitz
Long Train Running - Doobie Brothers
Superstition
Ain't Nobody
Hit Me With Your Best Shot
Mercy
Price Tag
Goove Is In The Heart
Play That Funky Music
Beat It
Proud Mary
Higher Ground
Nutbush
Summer of '69 - Bryan Adams
Lonely Boy
Ive Got You On My Mind - Powderfinger
Boys In Town
Smoke On the Water - Deep Purple
Blister In The Sun
Whole Lotta Love
Wanted Dead Or Alive
Sex on fire - Kings Of Leon
Babe I'm Gonna Leave You Pink Version
Stuck in the middle with you
never tear us apart
Pleasure and Pain
Brown Eyed Girl
