20180728
Brass In Pocket
April Sun In Cuba - Dragon
Passionfruit
Feeler
Faith
Proud Mary
All About That Bass
exs and ohs
Is This Love
never tear us apart - inxs
Valerie
Mercy
Cry In Shame - Diesel
Wonderwall
I Got A Feeling
are you gonna go my way
Hey Joe - Jimi Hendrix
Pleasure and Pain
Summer of '69
Boys In Town
Come Together
Babe I'm Gonna Leave You Pink Version
Wanted Dead Or Alive
Love Rears Its Ugly Head
Always On The Run - Lenny Kravitz
Mr Brightside
Hit Me With Your Best Shot
Sympathy and Entertain You
Am I Ever Gonna See Your Face Again - Angels
The Chain - Fleetwood Mac
Another Brick In The Wall - Pink Floyd
Groove Is In The Heart
Play That Funky Music
Lonely Boy
My Hero
Sex on fire - Kings Of Leon
blister in the sun
Ive Got You On My Mind - Powderfinger
Higher Ground
Superstition - Stevie Ray Vaughan
Nutbush
Long Train Runnin
Smoke On the Water - Deep Purple
Seven Nation Army
Whole Lotta Love
Rebel Yell
Rush You
500 Miles - The Proclaimers
Killing In The Name Of
Enter The Sandman
Sweet Child Of Mine - Guns n Roses
Mustang Sally
One
Do You See What I See
Hard to Handle
Its A Long Way To The Top - AC/DC
Khe Sanh - Cold Chisel
La Grange - ZZ Top
