20191207
Come Together
Passionfruit
Valerie
exs and ohs
Faith - George Michael
All About That Bass
never tear us apart
Big Jet Plane
blister in the sun
Another Brick In The Wall
Superstition
Love Rears Its Ugly Head
500 Miles
are you gonna go my way
Smoke On the Water
Pleasure and Pain
Mercy
Mustang Sally
Is This Love
Proud Mary
I Got A Feeling
Long Train Running
My Hero
Play That Funky Music
Seven Nation Army
Sex on fire
Higher Ground
Summer of '69
Teenage Dirtbag
Rush You
Chasing Cars
Brass In Pocket
Nutbush
Wonderwall
Yellow
Ive Got You On My Mind
The Chain
Mr Brightside
Whole Lotta Love
Boys In Town
Its A Long Way To The Top
Always On The Run
Rebel Yell
Smells Like Teen Spirit
Killing In The Name Of
Sympathy and Entertain You
Enter The Sandman
Hard to Handle
Uptown Funk
Am I Ever Gonna See Your Face Again
Hit Me With Your Best Shot - Pat Benatar
Lonely Boy
Town Called Malice - The Jam
Cry In Shame
April Sun In Cuba
