20190928 Birthday
Never Gonna Give You Up - Rick Astley
April Sun In Cuba
Passionfruit
Brass In Pocket
exs and ohs
Faith - George Michael
All About That Bass
never tear us apart
Big Jet Plane
blister in the sun
Another Brick In The Wall
Chasing Cars
500 Miles
are you gonna go my way
Come Together
Enter The Sandman
Pleasure and Pain
Mercy
Mustang Sally
Is This Love
Proud Mary
I Got A Feeling
Long Train Running
My Hero
Play That Funky Music
Seven Nation Army
Sex on fire
Higher Ground
Summer of '69
Teenage Dirtbag
Rush You
Valerie
Wanted Dead Or Alive
Nutbush
Wonderwall
Yellow
Ive Got You On My Mind
The Chain
Mr Brightside
Uptown Funk
Crossroads
Boys In Town
Love Rears Its Ugly Head
Always On The Run
Rebel Yell
Smells Like Teen Spirit
Killing In The Name Of
Sympathy and Entertain You
Superstition
Smoke On the Water
Whole Lotta Love
Am I Ever Gonna See Your Face Again
Hit Me With Your Best Shot - Pat Benatar
Lonely Boy
Town Called Malice - The Jam
