20200314 Acoustic Forestville
aint no sunshine
Lets Stay Together
Anyhow
More Than Words
Sunshine Of My Life
Crazy - Gnarls Barkley
Bring It Back
you cant always get what you want
20 Good Reasons
What A Man
Feel Like Making Love - Roberta Flack
Better Be Home Soon
Yellow
Patience
Somewhere Over The Rainbow
You Dont Treat Me No Good
Passionfruit
True Colors
Wanted Dead Or Alive
Plush
No Diggity
Waterfalls
Free Fallin
Gravity
Something
Girl On Fire
Iris
Cant Feel My Face - The Weeknd
Big Jet Plane
Murder On The Dancefloor
crazy
Feel Like Making Love
Wanna Dance With Somebody
Chasing Cars
Take A Picture
Bright Lights
Wonderwall
Everlong
Fans
