20200314 Mon Forestville Gig
SET 1
Big Jet Plane
April Sun In Cuba
Brass In Pocket
All About That Bass
exs and ohs
Chasing Cars
Love Rears Its Ugly Head
Sweet Home Alabama
Come Together
Mercy
Is This Love
Lonely Boy
Mustang Sally
Proud Mary
Cry In Shame
SET 2
Brown Eyed Girl
Feeler
Valerie
Another Brick In The Wall - Pink Floyd
Seven Nation Army
Higher Ground
Superstition
Play That Funky Music
Summer of '69
Wonderwall
never tear us apart
Do You See What I See
The Chain
SET 3
Faith
are you gonna go my way
Dancing On The Ceiling
Groove Is In The Heart
Always On The Run
I Got A Feeling
Long Train Runnin
Uptown Funk
Love Shack
Nutbush
Blister In The Sun
Sympathy and Entertain You
Ive Got You On My Mind
Rebel Yell
Smoke On the Water
Whole Lotta Love
The Horses
ENCORE?
Hard to Handle
Mr Brightside
My Sharona
Run To Paradise
Wish You Were Here
Yellow
Babe I'm Gonna Leave You Pink Version
Black Magic Woman
Boys In Town
Save Tonight
My Hero - Foo Fighters
