20200314 Forestville Gig
Love Shack
Dancing On The Ceiling
The Horses
Brown Eyed Girl
Blister In The Sun
April Sun In Cuba
Chasing Cars
Brass In Pocket
Come Together
Faith
Groove Is In The Heart
Heroes
Hey Joe
I Got A Feeling
Ive Got You On My Mind
Is This Love
Feeler
Mr Jones
Mustang Sally
My Sharona
never tear us apart
Nutbush
Play That Funky Music
Proud Mary
Run To Paradise
Should I Stay Or Should I Go Now
Summer of '69
Superstition
Sweet Home Alabama
Uptown Funk
Valerie
Wish You Were Here
Do You See What I See
Love Rears Its Ugly Head
Yellow
are you gonna go my way
Babe I'm Gonna Leave You Pink Version
Big Jet Plane
Black Magic Woman
Boys In Town
exs and ohs
Hard to Handle
Higher Ground
Lonely Boy
Long Train Runnin
Love Rears Its Ugly Head
Mercy
