20200912 Kerry Birthday
Fall At Your Feet - Crowded House
Big Jet Plane
The Horses
landslide
Under The Milky Way - Church.pro
Chasing Cars
Only The Lonely
Wish You Were Here
Angie
Nothing Else Matters
WHITE WEDDING
Mustang Sally
April Sun In Cuba
Stuck in the middle with you
Come Together
Boys In Town
am i ever gonna see your face again
Bring Me Some Water
Blister In The Sun
never tear us apart
Jump
Never Gonna Give You Up
Mamma Mia
YMCA
Brass In Pocket
Faith
Heroes
I Got A Feeling
Ive Got You On My Mind
Is This Love
Play That Funky Music
Run To Paradise
Superstition
Valerie
Do You See What I See
Yellow
Babe I'm Gonna Leave You Pink Version
Black Magic Woman
Lonely Boy
One - U2
Better Be Home Soon - Crowded House
Sweet Caroline - Neil Diamond
Echo Beach - Martha And The Muffins
