20210303 rehearsal
Dont Start Now - Dua Lipa
Gold Dust Woman - Fleetwood Mac
Dreams - Fleetwood Mac
Yellow - Coldplay
Nutbush
Passionfruit - Drake
The Chain - Fleetwood Mac
Smoke On the Water - Deep Purple
Rebel Yell - Billy idol
Whole Lotta Love - Led Zepplin
Rush You
Chasing Cars - Snow Patrol
Love Rears Its Ugly Head - Living Colour
Sweet Child Of Mine - Guns n Roses
Killing In The Name Of
Long Train Running - Doobie Brothers
Pleasure and Pain
Bring Me Some Water - Melissa Etheridge
Rhiannon - Fleetwood Mac
Tainted Love - Soft Cell
Echo Beach - Martha And The Muffins
Praise You - Fatboy Slim
never tear us apart - inxs
House of the Rising Sun - The Animals
BOW RIVER - Cold Chisel
Golden Brown - The Stranglers
Comfortably Numb - Pink Floyd
