2021 May 23 Boatshed
are you gonna go my way
The Chain - Fleetwood Mac
never tear us apart - inxs
Rhiannon - Fleetwood Mac
Whole Lotta Love - Led Zepplin
Rebel Yell - Billy idol
Ive Got You On My Mind - Powderfinger
Superstition
Nutbush
Dont Start Now - Dua Lipa
Sex on Fire - Kings Of Leon
Smoke On the Water - Deep Purple
Bring Me Some Water - Melissa Etheridge
Higher Ground
Dreams - Fleetwood Mac
Groove Is In The Heart - Deee-Lite
Golden Brown - The Stranglers
Always On The Run - Lenny Kravitz
Love Rears Its Ugly Head - Living Colour
Passionfruit - Drake
Killing In The Name Of
Love Shack - The B-52's
Seven Nation Army
Rush You
I Got A Feeling - Black-Eyed Peas
Mr Brightside - The Killers
Chasing Cars - Snow Patrol
Gold Dust Woman - Fleetwood Mac
The Horses - Daryl Braithwaite
