Nomad 20160220
Black Magic Woman
Come Together - Beatles
Feeler
Valerie
April Sun In Cuba - Dragon
Cry In Shame
Stop
One - U2
Blister In The Sun
Mustang Sally
Hard to Handle
Comfortably Numb - Pink Floyd
Money
Wish You Were Here - by Pink Floyd
Seven Nation Armytab
Ive Got You On My Mind - Powderfinger
Boys In Town
are you gonna go my way
Hey Joe - Jimi Hendrix
Bright Lights
Heroes
Pleasure and Pain
Always On The Run - Lenny Kravitz
Superstition
Nutbush
Lonely Boy
Sex on fire - Kings Of Leon
Long Train Running - Doobie Brothers
Smoke On the Water - Deep Purple
