November 28
AIN'T NO SUNSHINE
Black Magic Woman
Feeler - PETE MURRAY
Chasing Cars - Snow Patrol
Come Together - Beatles
Big Jet Plane [G]
Valerie
April Sun In Cuba - Dragon
Cry In Shame
Blister In The Sun
Hard to Handle - Otis Redding,A.Isbell & A.Jones
Sex on fire - Kings Of Leon
Stuck in the middle with you
Wanted Dead Or Alive
Wish You Were Here - by Pink Floyd
Seven Nation Armytab
Ive Got You On My Mind - Powderfinger
Boys In Town
are you gonna go my way
Hey Joe - Jimi Hendrix
Red house
Bright Lights
Comfortably Numb - Pink Floyd
Money
Wonderwall
Pleasure and Pain
Superstition - Stevie Ray Vaughan
Nutbush
Lonely Boy
Rush You
Smoke On the Water - Deep Purple
Mustang Sally
