October 17 2015
AIN'T NO SUNSHINE
Seven Nation Armytab
April Sun In Cuba - Dragon
Valerie
Feeler - PETE MURRAY
Come Together - Beatles
Hard to Handle - Otis Redding,A.Isbell & A.Jones
Stuck in the middle with you
Cry In Shame
Wish You Were Here - by Pink Floyd
Ive Got You On My Mind - Powderfinger
Hush
are you gonna go my way
Comfortably Numb - Pink Floyd
Money
Hey Joe - Jimi Hendrix
Red house
Bright Lights Bass
Purple Haze - Jimi Hendrix
Sex on fire - Kings Of Leon
Lonely Boy
Smoke On the Water - Deep Purple
Wonderwall
Mustang Sally
