PartieCharlie
Another Brick In The Wall - Pink Floyd
Another One Bites The Dust - Queen
Boys Are Back In Town - Thin Lizzy
Comfortably Numb - Pink Floyd
Enter The Sandman - Metallica
Everlong
Going Down - Freddie King
Hard to Handle
Hush
La Grange - ZZ Top
Man In A Box - Alice in Chains
Mother
Nothing Else Matters - Metallica
Patience - Guns'n'Roses
Paradise City - Guns N' Roses
Stocking Song - Steel Panther
Sweet Child Of Mine - Guns n Roses
Sweet Home Alabama - Lynyrd Skyn7rd
Tribute - Tenacious[D]
The Trooper - Iron Maiden
Would
