Sep 17 2016
Black Magic Woman
Anyhow
Valerie
Cry In Shame
Come Together
exs and ohs
Always On The Run - Lenny Kravitz
Superstition
never tear us apart
Hey Joe - Jimi Hendrix
Boys In Town
Lonely Boy
Summer of '69 - Bryan Adams
Another Brick In The Wall
I Got A Feeling
Whole Lotta Love
Higher Ground
All About That Bass
Love Rears Its Ugly Head
Crossroads
Sweet Home Alabama
Going Down - Freddie King
Seven Nation Armytab
The Chain - Fleetwood Mac [D]
Pleasure and Pain
Ive Got You On My Mind - Powderfinger
Groove Is In The Heart - Deee-Lite [Ab]
are you gonna go my way
Nutbush
Sex on fire - Kings Of Leon
Sympathy and Entertain You
Long Train Running - Doobie Brothers
Smoke On the Water - Deep Purple
Proud Mary
Light My Fire
Blister In The Sun
April Sun
Hit Me With Your Best Shot
Mustang Sally
Rush You
Wanted Dead Or Alive by Bon Jovi
Another One Bites The Dust
Sweet Child Of Mine
My Generation
Killing In The Name Of
Am I Ever Gonna See Your Face Again - Angels
