Tres Hombres March 2016
All About the Bass - Meghan Trainor
Am I Ever Gonna See Your Face Again - Angels
Angel of Harlem - U2
Bad Moon Rising - Creedance Clearwater Revival
The Chain - Fleetwood Mac
Could You Be Loved - Bob Marley & the Wailers
Crazy Little Thing Called Love
Ex's & Oh's - Elle King
Groove Is In The Heart - Deee-Lite
Hotel California
Let Me Entertain You - Robbie Williams
Locked Out of Heaven - Bruno Mars [B]
Money For Nothing - Dire Straits
My Sharona - The Knack
Piece of my heart - Janis Joplin
Rehab - Amy Winehouse
Rolling In The Deep - Adele [Cm]
Roxanne - The Police
Shook Me All Night Long - AC/DC
Summer of '69 - Bryan Adams
Sweet Home Alabama
Sympathy For The Devil - Rolling Stones
Wanted Dead Or Alive
welcome to the jungle
Friday I'm In Love - The Cure
